Import data
Number of fabs after import 4927
Filter data
N fabs before filter: 4927, n fabs after filter: 4691
N fabs before filter: 46, n fabs after filter: 46
N fabs before filter: 4691, n fabs after filter: 4344
N fabs before filter: 46, n fabs after filter: 46
N fabs before filter: 4344, n fabs after filter: 4277
Format data
Preparing model inputs ━━━━━━━━━━━━━━━━━━━━━━━━━━━━━━━━━━━━━━━━ 100% 0:00:00
Preparing model outputs ━━━━━━━━━━━━━━━━━━━━━━━━━━━━━━━━━━━━━━━━ 100% 0:00:00
Preparing model inputs ━━━━━━━━━━━━━━━━━━━━━━━━━━━━━━━━━━━━━━━━ 100% 0:00:00
Preparing model outputs ━━━━━━━━━━━━━━━━━━━━━━━━━━━━━━━━━━━━━━━━ 100% 0:00:00
Size train/val set:  4277 , size test set: 46
Prepare dataloaders
Size train set: 4177, val set: 100, test set: 46
Start training
 Train |  Val 
  2.58 |   1.63
  1.51 |   1.38
  1.38 |   1.30
  1.33 |   1.33
  1.29 |   1.25
  1.28 |   1.21
  1.26 |   1.23
  1.25 |   1.23
  1.24 |   1.19
  1.23 |   1.19
  1.22 |   1.20
  1.21 |   1.16
  1.20 |   1.20
  1.20 |   1.17
  1.20 |   1.17
  1.19 |   1.16
  1.19 |   1.17
  1.18 |   1.16
  1.18 |   1.16
  1.17 |   1.13
  1.17 |   1.17
  1.17 |   1.16
  1.17 |   1.15
  1.16 |   1.17
  1.16 |   1.13
  1.16 |   1.12
  1.16 |   1.16
  1.16 |   1.12
  1.15 |   1.10
  1.15 |   1.11
  1.15 |   1.12
  1.15 |   1.12
  1.15 |   1.15
  1.14 |   1.12
  1.14 |   1.14
  1.14 |   1.11
  1.14 |   1.13
  1.14 |   1.11
  1.14 |   1.13
  1.14 |   1.13
  1.14 |   1.10
  1.14 |   1.11
  1.14 |   1.14
  1.13 |   1.10
  1.14 |   1.16
  1.13 |   1.14
  1.14 |   1.10
  1.14 |   1.12
  1.13 |   1.16
  1.13 |   1.11
  1.13 |   1.12
  1.13 |   1.13
  1.13 |   1.09
  1.13 |   1.13
  1.13 |   1.16
  1.13 |   1.13
  1.13 |   1.10
  1.13 |   1.12
  1.12 |   1.11
  1.13 |   1.10
  1.13 |   1.09
  1.12 |   1.10
  1.12 |   1.08
  1.12 |   1.10
  1.12 |   1.09
  1.12 |   1.08
  1.12 |   1.11
  1.12 |   1.15
  1.12 |   1.11
  1.12 |   1.12
  1.11 |   1.08
  1.12 |   1.10
  1.12 |   1.11
  1.12 |   1.10
  1.12 |   1.10
  1.12 |   1.09
  1.11 |   1.08
  1.12 |   1.12
  1.12 |   1.10
  1.12 |   1.08
  1.12 |   1.09
  1.11 |   1.12
  1.11 |   1.10
  1.12 |   1.10
  1.11 |   1.07
  1.11 |   1.08
  1.11 |   1.11
  1.11 |   1.14
  1.11 |   1.07
  1.11 |   1.09
  1.11 |   1.06
  1.11 |   1.10
  1.11 |   1.12
  1.11 |   1.14
  1.11 |   1.08
  1.11 |   1.11
  1.11 |   1.12
  1.11 |   1.10
  1.11 |   1.08
  1.10 |   1.10
  1.11 |   1.10
  1.11 |   1.08
  1.11 |   1.11
  1.11 |   1.10
  1.11 |   1.15
  1.11 |   1.09
  1.11 |   1.10
  1.11 |   1.10
  1.11 |   1.07
  1.11 |   1.07
  1.11 |   1.07
  1.10 |   1.09
  1.10 |   1.08
  1.11 |   1.07
  1.11 |   1.13
  1.11 |   1.07
  1.11 |   1.08
  1.11 |   1.09
  1.11 |   1.09
  1.10 |   1.11
  1.10 |   1.06
  1.11 |   1.10
  1.10 |   1.07
  1.10 |   1.09
  1.10 |   1.12
  1.10 |   1.08
  1.10 |   1.06
  1.10 |   1.10
  1.10 |   1.06
  1.10 |   1.09
  1.10 |   1.09
  1.10 |   1.13
  1.10 |   1.11
  1.10 |   1.09
  1.10 |   1.09
  1.10 |   1.06
  1.10 |   1.14
  1.10 |   1.13
  1.10 |   1.12
  1.10 |   1.08
  1.10 |   1.10
  1.10 |   1.11
  1.10 |   1.07
  1.10 |   1.07
  1.10 |   1.12
  1.10 |   1.06
  1.09 |   1.07
  1.10 |   1.10
  1.09 |   1.09
  1.09 |   1.10
  1.09 |   1.08
  1.09 |   1.09
  1.09 |   1.12
  1.09 |   1.06
  1.09 |   1.09
  1.09 |   1.07
  1.10 |   1.06
  1.09 |   1.10
  1.09 |   1.06
  1.09 |   1.09
  1.09 |   1.14
  1.09 |   1.10
  1.09 |   1.07
  1.09 |   1.05
  1.09 |   1.09
  1.09 |   1.06
  1.09 |   1.06
  1.09 |   1.06
  1.09 |   1.04
  1.09 |   1.08
  1.09 |   1.08
  1.09 |   1.03
  1.09 |   1.06
  1.09 |   1.09
  1.09 |   1.05
  1.09 |   1.03
  1.09 |   1.06
  1.09 |   1.09
  1.09 |   1.06
  1.08 |   1.07
  1.09 |   1.08
  1.09 |   1.07
  1.09 |   1.08
  1.09 |   1.07
  1.09 |   1.07
  1.09 |   1.07
  1.09 |   1.07
  1.08 |   1.09
  1.09 |   1.06
  1.08 |   1.06
  1.08 |   1.04
  1.09 |   1.09
  1.09 |   1.07
  1.09 |   1.04
  1.09 |   1.07
  1.09 |   1.06
  1.09 |   1.04
  1.08 |   1.08
  1.08 |   1.06
  1.09 |   1.09
  1.09 |   1.11
  1.09 |   1.06
  1.09 |   1.07
  1.09 |   1.07
  1.08 |   1.04
  1.09 |   1.08
  1.08 |   1.09
  1.08 |   1.06
  1.08 |   1.06
  1.08 |   1.07
  1.08 |   1.04
  1.08 |   1.06
  1.08 |   1.07
  1.08 |   1.06
  1.09 |   1.08
  1.08 |   1.08
  1.08 |   1.12
  1.08 |   1.05
  1.08 |   1.06
  1.09 |   1.07
  1.09 |   1.06
  1.08 |   1.07
  1.08 |   1.07
  1.08 |   1.08
  1.09 |   1.07
  1.08 |   1.06
  1.09 |   1.04
  1.09 |   1.07
  1.09 |   1.06
  1.09 |   1.06
  1.08 |   1.06
  1.08 |   1.12
  1.08 |   1.06
  1.09 |   1.07
  1.09 |   1.06
  1.08 |   1.11
  1.08 |   1.05
  1.08 |   1.09
  1.08 |   1.07
  1.08 |   1.10
  1.08 |   1.14
  1.08 |   1.06
  1.08 |   1.07
  1.08 |   1.05
  1.08 |   1.05
  1.08 |   1.07
  1.08 |   1.06
  1.08 |   1.07
  1.08 |   1.08
  1.08 |   1.06
  1.08 |   1.05
  1.08 |   1.07
  1.08 |   1.08
  1.08 |   1.06
  1.08 |   1.08
  1.08 |   1.06
  1.08 |   1.10
  1.08 |   1.08
  1.08 |   1.06
  1.08 |   1.06
  1.08 |   1.11
  1.08 |   1.09
  1.08 |   1.07
  1.08 |   1.08
  1.08 |   1.06
  1.08 |   1.07
  1.08 |   1.08
  1.08 |   1.10
  1.08 |   1.07
  1.08 |   1.05
  1.08 |   1.05
  1.08 |   1.06
Train model ━━                                         5% -:--:--
