Import data
Number of fabs after import 4927
Filter data
N fabs before filter: 4927, n fabs after filter: 4691
N fabs before filter: 46, n fabs after filter: 46
N fabs before filter: 4691, n fabs after filter: 4344
N fabs before filter: 46, n fabs after filter: 46
N fabs before filter: 4344, n fabs after filter: 4277
Format data
Preparing model inputs ━━━━━━━━━━━━━━━━━━━━━━━━━━━━━━━━━━━━━━━━ 100% 0:00:00
Preparing model outputs ━━━━━━━━━━━━━━━━━━━━━━━━━━━━━━━━━━━━━━━━ 100% 0:00:00
Preparing model inputs ━━━━━━━━━━━━━━━━━━━━━━━━━━━━━━━━━━━━━━━━ 100% 0:00:00
Preparing model outputs ━━━━━━━━━━━━━━━━━━━━━━━━━━━━━━━━━━━━━━━━ 100% 0:00:00
Size train/val set:  4277 , size test set: 46
Prepare dataloaders
Size train set: 4177, val set: 100, test set: 46
Start training
 Train |  Val 
 82.56 |   1.68
  1.59 |   1.50
  1.45 |   1.43
  1.40 |   1.33
  1.36 |   1.28
  1.33 |   1.31
  1.31 |   1.25
  1.29 |   1.27
  1.28 |   1.24
  1.27 |   1.21
  1.26 |   1.21
  1.25 |   1.23
  1.24 |   1.20
  1.23 |   1.21
  1.22 |   1.21
  1.22 |   1.19
  1.21 |   1.16
  1.20 |   1.15
  1.20 |   1.19
  1.20 |   1.16
  1.20 |   1.14
  1.19 |   1.17
  1.19 |   1.17
  1.19 |   1.14
  1.18 |   1.15
  1.18 |   1.18
  1.18 |   1.17
  1.17 |   1.13
  1.17 |   1.15
  1.17 |   1.21
  1.17 |   1.15
  1.17 |   1.16
  1.17 |   1.19
  1.17 |   1.18
  1.16 |   1.11
  1.16 |   1.13
  1.16 |   1.09
  1.16 |   1.12
  1.16 |   1.13
  1.16 |   1.14
  1.15 |   1.15
  1.16 |   1.14
  1.15 |   1.13
  1.15 |   1.17
  1.15 |   1.16
  1.15 |   1.15
  1.15 |   1.11
  1.15 |   1.12
  1.15 |   1.11
  1.15 |   1.12
  1.15 |   1.13
  1.14 |   1.14
  1.15 |   1.16
  1.15 |   1.13
  1.14 |   1.18
  1.14 |   1.12
  1.14 |   1.12
  1.14 |   1.09
  1.14 |   1.12
  1.14 |   1.13
  1.14 |   1.11
  1.14 |   1.13
  1.14 |   1.10
  1.14 |   1.10
  1.14 |   1.15
  1.14 |   1.08
  1.13 |   1.12
  1.14 |   1.12
  1.14 |   1.12
  1.13 |   1.13
  1.13 |   1.12
  1.14 |   1.17
  1.13 |   1.13
  1.13 |   1.15
  1.13 |   1.11
  1.14 |   1.09
  1.14 |   1.16
  1.13 |   1.11
  1.13 |   1.11
  1.13 |   1.10
  1.13 |   1.09
  1.13 |   1.11
  1.13 |   1.15
  1.13 |   1.18
  1.13 |   1.14
  1.13 |   1.16
  1.13 |   1.12
  1.13 |   1.12
  1.13 |   1.18
  1.13 |   1.14
  1.13 |   1.11
  1.13 |   1.14
  1.13 |   1.11
  1.13 |   1.13
  1.13 |   1.12
  1.13 |   1.08
  1.13 |   1.10
  1.13 |   1.13
  1.13 |   1.11
  1.13 |   1.12
  1.13 |   1.11
  1.12 |   1.12
  1.12 |   1.12
  1.13 |   1.11
  1.12 |   1.13
  1.13 |   1.12
  1.12 |   1.12
  1.13 |   1.16
  1.12 |   1.14
  1.12 |   1.12
  1.12 |   1.13
  1.12 |   1.12
  1.12 |   1.16
  1.12 |   1.17
  1.12 |   1.11
  1.12 |   1.13
  1.12 |   1.12
  1.12 |   1.12
  1.12 |   1.14
  1.12 |   1.12
  1.12 |   1.10
  1.12 |   1.12
  1.12 |   1.10
  1.12 |   1.13
  1.12 |   1.11
  1.12 |   1.08
  1.12 |   1.10
  1.12 |   1.11
  1.12 |   1.17
  1.12 |   1.09
  1.12 |   1.13
  1.12 |   1.13
  1.12 |   1.12
  1.12 |   1.11
  1.12 |   1.09
  1.12 |   1.10
  1.12 |   1.13
  1.12 |   1.11
  1.12 |   1.11
  1.12 |   1.13
  1.12 |   1.14
  1.12 |   1.08
  1.12 |   1.15
  1.12 |   1.09
  1.12 |   1.09
  1.12 |   1.10
  1.12 |   1.10
  1.12 |   1.11
  1.12 |   1.12
  1.12 |   1.09
  1.12 |   1.11
  1.12 |   1.11
  1.12 |   1.14
  1.12 |   1.09
  1.12 |   1.09
  1.12 |   1.11
  1.12 |   1.09
  1.12 |   1.10
  1.12 |   1.09
  1.12 |   1.08
  1.12 |   1.07
  1.12 |   1.10
  1.12 |   1.11
  1.11 |   1.14
  1.12 |   1.09
  1.12 |   1.10
  1.12 |   1.14
  1.12 |   1.10
  1.12 |   1.11
  1.12 |   1.09
  1.12 |   1.13
  1.12 |   1.16
  1.11 |   1.08
  1.12 |   1.09
  1.11 |   1.11
  1.12 |   1.08
  1.11 |   1.09
  1.11 |   1.09
  1.11 |   1.16
  1.12 |   1.14
  1.12 |   1.11
  1.12 |   1.12
  1.12 |   1.11
  1.12 |   1.09
  1.11 |   1.13
  1.11 |   1.07
  1.11 |   1.07
  1.11 |   1.10
  1.12 |   1.10
  1.12 |   1.12
  1.12 |   1.07
  1.11 |   1.10
  1.11 |   1.09
  1.12 |   1.09
  1.12 |   1.08
  1.12 |   1.09
  1.11 |   1.11
  1.11 |   1.09
  1.11 |   1.12
  1.11 |   1.12
  1.12 |   1.10
  1.11 |   1.10
  1.11 |   1.13
  1.11 |   1.12
  1.11 |   1.10
  1.11 |   1.12
  1.11 |   1.10
  1.11 |   1.09
  1.11 |   1.07
  1.11 |   1.14
  1.11 |   1.09
  1.11 |   1.15
  1.12 |   1.07
  1.11 |   1.09
  1.11 |   1.09
  1.12 |   1.08
  1.12 |   1.10
  1.11 |   1.07
  1.11 |   1.12
  1.11 |   1.09
  1.11 |   1.08
  1.11 |   1.06
  1.11 |   1.09
  1.11 |   1.09
  1.11 |   1.09
  1.11 |   1.09
  1.11 |   1.10
  1.12 |   1.08
  1.11 |   1.13
  1.11 |   1.06
  1.11 |   1.12
  1.11 |   1.09
  1.11 |   1.06
  1.11 |   1.13
  1.11 |   1.08
  1.11 |   1.09
  1.11 |   1.13
  1.11 |   1.11
  1.11 |   1.09
  1.11 |   1.12
  1.11 |   1.08
  1.11 |   1.07
  1.11 |   1.07
  1.11 |   1.09
  1.11 |   1.08
  1.11 |   1.11
  1.11 |   1.08
  1.11 |   1.08
  1.11 |   1.09
  1.11 |   1.16
  1.11 |   1.09
  1.11 |   1.08
  1.11 |   1.09
  1.11 |   1.08
  1.11 |   1.10
  1.11 |   1.08
  1.11 |   1.09
  1.11 |   1.11
  1.11 |   1.08
  1.11 |   1.12
  1.11 |   1.08
  1.11 |   1.10
  1.11 |   1.10
  1.11 |   1.09
  1.11 |   1.07
  1.11 |   1.08
  1.11 |   1.10
  1.11 |   1.11
  1.11 |   1.10
  1.11 |   1.08
  1.10 |   1.10
  1.11 |   1.13
  1.11 |   1.10
  1.11 |   1.09
  1.11 |   1.11
  1.11 |   1.12
  1.11 |   1.07
  1.11 |   1.07
  1.11 |   1.09
  1.11 |   1.07
  1.11 |   1.13
  1.11 |   1.11
  1.11 |   1.14
  1.11 |   1.07
  1.11 |   1.09
  1.11 |   1.09
  1.11 |   1.11
  1.11 |   1.15
  1.11 |   1.07
  1.11 |   1.09
  1.11 |   1.09
  1.11 |   1.10
  1.11 |   1.08
  1.11 |   1.10
  1.11 |   1.06
  1.11 |   1.10
  1.11 |   1.12
  1.11 |   1.09
  1.11 |   1.09
  1.11 |   1.10
  1.11 |   1.07
  1.11 |   1.07
  1.11 |   1.12
  1.11 |   1.09
  1.11 |   1.10
  1.11 |   1.18
  1.11 |   1.09
  1.11 |   1.09
  1.11 |   1.11
  1.11 |   1.11
  1.11 |   1.08
  1.11 |   1.08
  1.11 |   1.08
  1.11 |   1.09
  1.11 |   1.09
  1.11 |   1.07
  1.11 |   1.10
  1.11 |   1.08
  1.11 |   1.11
  1.11 |   1.15
  1.11 |   1.11
  1.11 |   1.10
  1.11 |   1.08
  1.11 |   1.13
  1.11 |   1.11
  1.11 |   1.13
  1.11 |   1.11
  1.11 |   1.09
  1.11 |   1.09
  1.11 |   1.11
  1.11 |   1.08
  1.11 |   1.10
  1.11 |   1.10
  1.11 |   1.07
  1.11 |   1.10
  1.11 |   1.13
  1.11 |   1.13
  1.11 |   1.11
  1.11 |   1.10
  1.11 |   1.13
  1.11 |   1.10
  1.11 |   1.10
  1.11 |   1.09
  1.11 |   1.11
  1.11 |   1.09
  1.11 |   1.08
  1.11 |   1.10
  1.11 |   1.12
  1.11 |   1.14
  1.11 |   1.12
  1.11 |   1.10
  1.11 |   1.09
  1.11 |   1.11
  1.11 |   1.08
  1.11 |   1.07
  1.11 |   1.08
  1.10 |   1.12
  1.11 |   1.09
  1.11 |   1.15
  1.11 |   1.09
  1.11 |   1.09
  1.11 |   1.08
  1.11 |   1.08
  1.11 |   1.09
  1.11 |   1.09
  1.11 |   1.11
  1.11 |   1.10
  1.11 |   1.09
  1.11 |   1.11
  1.11 |   1.09
  1.11 |   1.10
  1.11 |   1.10
  1.11 |   1.10
  1.11 |   1.08
  1.11 |   1.10
  1.11 |   1.09
  1.11 |   1.07
  1.11 |   1.08
  1.11 |   1.07
  1.11 |   1.08
  1.10 |   1.10
  1.10 |   1.09
  1.11 |   1.09
  1.10 |   1.09
  1.11 |   1.09
  1.11 |   1.10
  1.11 |   1.09
  1.10 |   1.09
  1.11 |   1.06
  1.11 |   1.10
  1.11 |   1.09
  1.11 |   1.11
  1.11 |   1.07
  1.10 |   1.07
  1.11 |   1.09
Train model ━━━                                        8% -:--:--
