Import data
Number of fabs after import 4927
Filter data
N fabs before filter: 4927, n fabs after filter: 4691
N fabs before filter: 46, n fabs after filter: 46
N fabs before filter: 4691, n fabs after filter: 4344
N fabs before filter: 46, n fabs after filter: 46
N fabs before filter: 4344, n fabs after filter: 4277
Format data
Preparing model inputs ━━━━━━━━━━━━━━━━━━━━━━━━━━━━━━━━━━━━━━━━ 100% 0:00:00
Preparing model outputs ━━━━━━━━━━━━━━━━━━━━━━━━━━━━━━━━━━━━━━━━ 100% 0:00:00
Preparing model inputs ━━━━━━━━━━━━━━━━━━━━━━━━━━━━━━━━━━━━━━━━ 100% 0:00:00
Preparing model outputs ━━━━━━━━━━━━━━━━━━━━━━━━━━━━━━━━━━━━━━━━ 100% 0:00:00
Size train/val set:  4277 , size test set: 46
Prepare dataloaders
Size train set: 4177, val set: 100, test set: 46
Start training
Start with 1st optimiser
 Train |  Val 
470.73 |   2.72
  1.98 |   1.76
  1.72 |   1.70
  1.62 |   1.56
  1.58 |   1.54
  1.56 |   1.48
  1.54 |   1.49
  1.52 |   1.46
  1.51 |   1.46
  1.51 |   1.48
  1.50 |   1.45
  1.49 |   1.46
  1.48 |   1.44
  1.47 |   1.46
  1.47 |   1.41
  1.47 |   1.41
  1.46 |   1.46
  1.46 |   1.41
  1.46 |   1.42
  1.46 |   1.41
  1.45 |   1.44
  1.45 |   1.41
  1.45 |   1.39
  1.45 |   1.39
  1.44 |   1.41
  1.44 |   1.39
  1.44 |   1.42
  1.44 |   1.40
  1.44 |   1.43
  1.44 |   1.39
  1.44 |   1.40
  1.44 |   1.42
  1.44 |   1.45
  1.45 |   1.43
  1.50 |   1.50
  1.57 |   1.58
  4.03 |  16.40
  1.45 |   1.48
  1.50 |   1.50
  1.58 |   1.81
  8.14 |   4.35
  1.45 |   1.42
  1.48 |   1.45
  1.49 |   1.43
  1.46 |   1.46
  1.47 |   1.45
  1.48 |   1.44
  1.49 |   1.49
  1.52 |   1.60
  1.55 |   1.49
  1.54 |   1.58
  1.54 |   1.50
Switched to 2nd optimiser
  1.52 |   1.53
  1.40 |   1.37
  1.38 |   1.35
  1.37 |   1.34
  1.36 |   1.34
  1.36 |   1.34
  1.35 |   1.31
  1.35 |   1.32
  1.34 |   1.32
  1.34 |   1.33
  1.33 |   1.30
  1.33 |   1.29
  1.32 |   1.30
  1.32 |   1.28
  1.31 |   1.27
  1.31 |   1.27
  1.30 |   1.28
  1.30 |   1.27
  1.30 |   1.27
  1.29 |   1.26
  1.29 |   1.26
  1.29 |   1.27
  1.29 |   1.26
  1.28 |   1.25
  1.28 |   1.26
  1.28 |   1.25
  1.28 |   1.24
  1.27 |   1.25
  1.27 |   1.24
  1.27 |   1.24
  1.27 |   1.24
  1.27 |   1.24
  1.26 |   1.24
  1.26 |   1.24
  1.26 |   1.23
  1.26 |   1.24
  1.26 |   1.23
  1.25 |   1.24
  1.25 |   1.25
  1.25 |   1.22
  1.25 |   1.23
  1.25 |   1.23
  1.25 |   1.24
  1.25 |   1.22
  1.25 |   1.22
  1.24 |   1.22
  1.24 |   1.22
  1.24 |   1.21
  1.24 |   1.22
  1.24 |   1.22
  1.24 |   1.21
  1.24 |   1.21
  1.24 |   1.21
  1.23 |   1.22
  1.23 |   1.22
  1.23 |   1.21
  1.23 |   1.22
  1.23 |   1.21
  1.23 |   1.20
  1.24 |   1.21
  1.24 |   1.23
  1.25 |   1.22
  1.24 |   1.23
  1.24 |   1.22
  1.24 |   1.21
  1.24 |   1.22
  1.24 |   1.23
  1.24 |   1.20
  1.23 |   1.22
  1.23 |   1.22
  1.23 |   1.21
  1.23 |   1.21
  1.23 |   1.21
  1.23 |   1.21
  1.22 |   1.20
  1.22 |   1.21
  1.22 |   1.19
  1.22 |   1.20
  1.22 |   1.19
  1.22 |   1.19
  1.22 |   1.20
  1.21 |   1.19
  1.21 |   1.19
  1.21 |   1.19
  1.21 |   1.18
  1.21 |   1.18
  1.21 |   1.19
  1.21 |   1.19
  1.21 |   1.22
  1.20 |   1.18
  1.20 |   1.17
  1.20 |   1.19
  1.20 |   1.20
  1.20 |   1.17
  1.19 |   1.17
  1.19 |   1.17
  1.19 |   1.19
  1.19 |   1.17
  1.19 |   1.16
  1.19 |   1.16
  1.19 |   1.18
  1.19 |   1.17
  1.19 |   1.18
  1.18 |   1.17
  1.18 |   1.18
  1.18 |   1.15
  1.18 |   1.16
  1.18 |   1.17
  1.18 |   1.16
  1.18 |   1.17
  1.18 |   1.17
  1.18 |   1.17
  1.18 |   1.16
  1.18 |   1.16
  1.18 |   1.16
  1.18 |   1.16
  1.18 |   1.15
  1.17 |   1.15
  1.17 |   1.16
  1.17 |   1.16
  1.17 |   1.16
  1.17 |   1.16
  1.17 |   1.15
  1.17 |   1.15
  1.16 |   1.17
  1.16 |   1.14
  1.16 |   1.16
  1.16 |   1.15
  1.16 |   1.16
  1.16 |   1.15
  1.16 |   1.15
  1.16 |   1.14
  1.16 |   1.15
  1.16 |   1.15
  1.16 |   1.15
  1.16 |   1.14
  1.16 |   1.14
  1.16 |   1.14
  1.16 |   1.14
  1.16 |   1.14
  1.16 |   1.14
  1.16 |   1.14
  1.15 |   1.13
  1.15 |   1.15
  1.15 |   1.14
  1.15 |   1.14
  1.15 |   1.14
  1.15 |   1.15
  1.15 |   1.14
  1.15 |   1.14
  1.15 |   1.15
  1.15 |   1.13
  1.15 |   1.13
  1.15 |   1.14
  1.15 |   1.13
  1.14 |   1.12
  1.14 |   1.15
  1.14 |   1.14
  1.14 |   1.15
  1.14 |   1.13
  1.14 |   1.14
  1.14 |   1.15
  1.14 |   1.13
  1.14 |   1.14
  1.14 |   1.12
  1.14 |   1.12
  1.14 |   1.12
  1.14 |   1.12
  1.13 |   1.13
  1.13 |   1.13
  1.13 |   1.12
  1.13 |   1.12
  1.13 |   1.12
  1.13 |   1.13
  1.13 |   1.11
  1.13 |   1.11
  1.13 |   1.12
  1.13 |   1.12
  1.13 |   1.14
  1.13 |   1.12
  1.12 |   1.12
  1.12 |   1.12
  1.12 |   1.11
  1.12 |   1.12
  1.12 |   1.11
  1.12 |   1.14
  1.12 |   1.12
  1.12 |   1.13
  1.12 |   1.11
  1.12 |   1.13
  1.12 |   1.13
  1.12 |   1.11
  1.12 |   1.13
  1.12 |   1.11
  1.12 |   1.10
  1.12 |   1.11
  1.11 |   1.11
  1.11 |   1.12
  1.11 |   1.11
  1.11 |   1.10
  1.11 |   1.10
  1.11 |   1.10
  1.11 |   1.10
  1.11 |   1.10
  1.11 |   1.10
  1.11 |   1.13
  1.11 |   1.10
  1.11 |   1.11
  1.11 |   1.11
  1.11 |   1.11
  1.11 |   1.11
  1.11 |   1.10
  1.10 |   1.10
  1.10 |   1.10
  1.10 |   1.10
  1.10 |   1.12
  1.10 |   1.10
  1.10 |   1.10
  1.10 |   1.11
  1.10 |   1.11
  1.10 |   1.10
  1.10 |   1.09
  1.10 |   1.09
  1.10 |   1.11
  1.10 |   1.09
  1.10 |   1.14
  1.10 |   1.09
  1.10 |   1.09
  1.10 |   1.09
  1.10 |   1.09
  1.10 |   1.09
  1.10 |   1.09
  1.09 |   1.09
  1.09 |   1.09
  1.09 |   1.09
  1.09 |   1.09
  1.09 |   1.09
  1.09 |   1.09
  1.09 |   1.10
  1.09 |   1.09
  1.09 |   1.10
  1.09 |   1.11
  1.09 |   1.10
  1.09 |   1.08
  1.09 |   1.10
  1.09 |   1.08
  1.09 |   1.09
  1.09 |   1.08
  1.09 |   1.10
  1.09 |   1.09
  1.09 |   1.09
  1.09 |   1.08
  1.09 |   1.08
  1.09 |   1.10
  1.09 |   1.08
  1.09 |   1.08
  1.08 |   1.11
  1.09 |   1.09
  1.08 |   1.10
  1.08 |   1.09
  1.08 |   1.09
  1.08 |   1.08
  1.08 |   1.09
  1.08 |   1.08
  1.08 |   1.10
  1.08 |   1.08
  1.08 |   1.10
  1.08 |   1.08
  1.08 |   1.09
  1.08 |   1.09
  1.08 |   1.08
  1.08 |   1.09
  1.08 |   1.08
  1.08 |   1.07
  1.08 |   1.08
  1.08 |   1.08
  1.08 |   1.08
  1.08 |   1.09
  1.08 |   1.07
  1.08 |   1.08
  1.08 |   1.07
  1.08 |   1.07
  1.07 |   1.08
  1.08 |   1.07
  1.07 |   1.09
  1.08 |   1.08
  1.08 |   1.08
  1.07 |   1.08
  1.07 |   1.07
  1.07 |   1.08
  1.07 |   1.08
  1.07 |   1.07
  1.07 |   1.07
